[ 2019-04-11T09:13:08+08:00 ] ::1 /InternalSystem/index.php/Home/Product/getAjaxKeywords.html
INFO: [ app_begin ] --START--
INFO: Run Behavior\ReadHtmlCacheBehavior [ RunTime:0.000731s ]
INFO: Run Behavior\CheckLangBehavior [ RunTime:0.002998s ]
INFO: [ app_begin ] --END-- [ RunTime:0.005220s ]
SQL: SHOW COLUMNS FROM `keywords` [ RunTime:0.0029s ]
SQL: SELECT `id`,`name` FROM `keywords` WHERE `status` = 1  [ RunTime:0.0085s ]

[ 2019-04-11T09:13:09+08:00 ] ::1 /InternalSystem/index.php/Home/Product/getAjaxclassone.html
INFO: [ app_begin ] --START--
INFO: Run Behavior\ReadHtmlCacheBehavior [ RunTime:0.000728s ]
INFO: Run Behavior\CheckLangBehavior [ RunTime:0.003190s ]
INFO: [ app_begin ] --END-- [ RunTime:0.005309s ]
SQL: SHOW COLUMNS FROM `classify` [ RunTime:0.0039s ]
SQL: SELECT `id`,`number`,`nameus` FROM `classify` WHERE `level` = 0 ORDER BY number  [ RunTime:0.0027s ]

[ 2019-04-11T09:22:26+08:00 ] ::1 /InternalSystem/index.php/Home/PurchaseOrder/getAjaxdata
INFO: [ app_begin ] --START--
INFO: Run Behavior\ReadHtmlCacheBehavior [ RunTime:0.000743s ]
INFO: Run Behavior\CheckLangBehavior [ RunTime:0.004290s ]
INFO: [ app_begin ] --END-- [ RunTime:0.006671s ]
SQL: SHOW COLUMNS FROM `warehouse` [ RunTime:0.0025s ]
SQL: SELECT warehouse.id as id,warehouse.name as name,warehouse.status as status,country.countryzh as countryzh,country.countryus as countryus,organizationt.namezh as namezh,organizationt.nameus as nameus,warehouse.company as companyid FROM `warehouse` LEFT JOIN company_configuration ON warehouse.company = company_configuration.company LEFT JOIN country ON company_configuration.country = country.id LEFT JOIN organizationt ON company_configuration.company = organizationt.id  WHERE country.status = 1 AND organizationt.status = 1 AND warehouse.status = 1  [ RunTime:0.0025s ]
SQL: SHOW COLUMNS FROM `transporters` [ RunTime:0.0024s ]
SQL: SELECT `id`,`transporters`,`mode_id` FROM `transporters` WHERE `status` = '1'  [ RunTime:0.0029s ]

[ 2019-04-11T09:22:26+08:00 ] ::1 /InternalSystem/index.php/Home/PurchaseOrder/getAjaxsupplier.html
INFO: [ app_begin ] --START--
INFO: Run Behavior\ReadHtmlCacheBehavior [ RunTime:0.000832s ]
INFO: Run Behavior\CheckLangBehavior [ RunTime:0.003987s ]
INFO: [ app_begin ] --END-- [ RunTime:0.006349s ]
SQL: SHOW COLUMNS FROM `supplier` [ RunTime:0.0030s ]
SQL: SELECT `id`,`name` FROM `supplier` WHERE `state` = 1 AND `status` = 1  [ RunTime:0.0021s ]

[ 2019-04-11T09:22:28+08:00 ] ::1 /InternalSystem/index.php/Home/PurchaseOrder/getAjaxproduct.html
INFO: [ app_begin ] --START--
INFO: Run Behavior\ReadHtmlCacheBehavior [ RunTime:0.000547s ]
INFO: Run Behavior\CheckLangBehavior [ RunTime:0.003097s ]
INFO: [ app_begin ] --END-- [ RunTime:0.004960s ]
SQL: SHOW COLUMNS FROM `supplier_product` [ RunTime:0.0019s ]
SQL: SELECT COUNT(*) AS tp_count FROM `supplier_product` LEFT JOIN product ON supplier_product.pid = product.id LEFT JOIN classify as bclass ON product.bclass = bclass.id LEFT JOIN classify as sclass ON product.sclass = sclass.id LEFT JOIN supplier ON supplier_product.supplier_id = supplier.id LEFT JOIN status_ex ON supplier_product.company = status_ex.id  WHERE `supplier_id` = '2' AND supplier_product.status = '1' LIMIT 1   [ RunTime:0.0030s ]
SQL: SELECT supplier_product.id as id,supplier_product.pid as pid,supplier_product.price as price,supplier.name as name,supplier_product.supplier_id as supplier_id,product.namezh as namezh,product.id as cid,supplier_product.code as code,bclass.number as bclassc_number,sclass.number as sclassc_number,product.number as snumber_number,status_ex.namezh as hname,status_ex.name as bname,status_ex.id as hid,supplier_product.minimum_purchase as minimum_purchase,supplier_product.minimum_packing as minimum_packing,supplier_product.production_cycle as production_cycle FROM `supplier_product` LEFT JOIN product ON supplier_product.pid = product.id LEFT JOIN classify as bclass ON product.bclass = bclass.id LEFT JOIN classify as sclass ON product.sclass = sclass.id LEFT JOIN supplier ON supplier_product.supplier_id = supplier.id LEFT JOIN status_ex ON supplier_product.company = status_ex.id  WHERE `supplier_id` = '2' AND supplier_product.status = '1' LIMIT 0,10   [ RunTime:0.0023s ]

[ 2019-04-11T09:22:29+08:00 ] ::1 /InternalSystem/index.php/Home/PurchaseOrder/getAjaxprice.html
INFO: [ app_begin ] --START--
INFO: Run Behavior\ReadHtmlCacheBehavior [ RunTime:0.000557s ]
INFO: Run Behavior\CheckLangBehavior [ RunTime:0.003131s ]
INFO: [ app_begin ] --END-- [ RunTime:0.005068s ]
SQL: SHOW COLUMNS FROM `supplier_product` [ RunTime:0.0027s ]
SQL: SELECT COUNT(*) AS tp_count FROM `supplier_product` LEFT JOIN product ON supplier_product.pid = product.id LEFT JOIN classify as bclass ON product.bclass = bclass.id LEFT JOIN classify as sclass ON product.sclass = sclass.id LEFT JOIN supplier ON supplier_product.supplier_id = supplier.id LEFT JOIN status_ex ON supplier_product.company = status_ex.id  WHERE `supplier_id` = '2' AND `pid` = '4' AND supplier_product.status = '1' LIMIT 1   [ RunTime:0.0029s ]
SQL: SELECT supplier_product.id as id,supplier_product.pid as pid,supplier_product.price as price,supplier.name as name,supplier_product.supplier_id as supplier_id,product.namezh as namezh,product.id as cid,supplier_product.code as code,bclass.number as bclassc_number,sclass.number as sclassc_number,product.number as snumber_number,status_ex.namezh as hname,status_ex.name as bname,status_ex.id as hid,supplier_product.minimum_purchase as minimum_purchase,supplier_product.minimum_packing as minimum_packing,supplier_product.production_cycle as production_cycle FROM `supplier_product` LEFT JOIN product ON supplier_product.pid = product.id LEFT JOIN classify as bclass ON product.bclass = bclass.id LEFT JOIN classify as sclass ON product.sclass = sclass.id LEFT JOIN supplier ON supplier_product.supplier_id = supplier.id LEFT JOIN status_ex ON supplier_product.company = status_ex.id  WHERE `supplier_id` = '2' AND `pid` = '4' AND supplier_product.status = '1' LIMIT 0,10   [ RunTime:0.0029s ]

[ 2019-04-11T09:25:54+08:00 ] ::1 /InternalSystem/index.php/Home/PurchaseOrder/getAjaxsupplier.html
INFO: [ app_begin ] --START--
INFO: Run Behavior\ReadHtmlCacheBehavior [ RunTime:0.000904s ]
INFO: Run Behavior\CheckLangBehavior [ RunTime:0.004244s ]
INFO: [ app_begin ] --END-- [ RunTime:0.006872s ]
SQL: SHOW COLUMNS FROM `supplier` [ RunTime:0.0031s ]
SQL: SELECT `id`,`name` FROM `supplier` WHERE `state` = 1 AND `status` = 1  [ RunTime:0.0028s ]

[ 2019-04-11T09:25:54+08:00 ] ::1 /InternalSystem/index.php/Home/PurchaseOrder/getAjaxdata
INFO: [ app_begin ] --START--
INFO: Run Behavior\ReadHtmlCacheBehavior [ RunTime:0.000871s ]
INFO: Run Behavior\CheckLangBehavior [ RunTime:0.004367s ]
INFO: [ app_begin ] --END-- [ RunTime:0.007042s ]
SQL: SHOW COLUMNS FROM `warehouse` [ RunTime:0.0019s ]
SQL: SELECT warehouse.id as id,warehouse.name as name,warehouse.status as status,country.countryzh as countryzh,country.countryus as countryus,organizationt.namezh as namezh,organizationt.nameus as nameus,warehouse.company as companyid FROM `warehouse` LEFT JOIN company_configuration ON warehouse.company = company_configuration.company LEFT JOIN country ON company_configuration.country = country.id LEFT JOIN organizationt ON company_configuration.company = organizationt.id  WHERE country.status = 1 AND organizationt.status = 1 AND warehouse.status = 1  [ RunTime:0.0030s ]
SQL: SHOW COLUMNS FROM `transporters` [ RunTime:0.0031s ]
SQL: SELECT `id`,`transporters`,`mode_id` FROM `transporters` WHERE `status` = '1'  [ RunTime:0.0021s ]

[ 2019-04-11T09:25:56+08:00 ] ::1 /InternalSystem/index.php/Home/PurchaseOrder/getAjaxproduct.html
INFO: [ app_begin ] --START--
INFO: Run Behavior\ReadHtmlCacheBehavior [ RunTime:0.000543s ]
INFO: Run Behavior\CheckLangBehavior [ RunTime:0.003109s ]
INFO: [ app_begin ] --END-- [ RunTime:0.004969s ]
SQL: SHOW COLUMNS FROM `supplier_product` [ RunTime:0.0029s ]
SQL: SELECT COUNT(*) AS tp_count FROM `supplier_product` LEFT JOIN product ON supplier_product.pid = product.id LEFT JOIN classify as bclass ON product.bclass = bclass.id LEFT JOIN classify as sclass ON product.sclass = sclass.id LEFT JOIN supplier ON supplier_product.supplier_id = supplier.id LEFT JOIN status_ex ON supplier_product.company = status_ex.id  WHERE `supplier_id` = '2' AND supplier_product.status = '1' LIMIT 1   [ RunTime:0.0018s ]
SQL: SELECT supplier_product.id as id,supplier_product.pid as pid,supplier_product.price as price,supplier.name as name,supplier_product.supplier_id as supplier_id,product.namezh as namezh,product.id as cid,supplier_product.code as code,bclass.number as bclassc_number,sclass.number as sclassc_number,product.number as snumber_number,status_ex.namezh as hname,status_ex.name as bname,status_ex.id as hid,supplier_product.minimum_purchase as minimum_purchase,supplier_product.minimum_packing as minimum_packing,supplier_product.production_cycle as production_cycle FROM `supplier_product` LEFT JOIN product ON supplier_product.pid = product.id LEFT JOIN classify as bclass ON product.bclass = bclass.id LEFT JOIN classify as sclass ON product.sclass = sclass.id LEFT JOIN supplier ON supplier_product.supplier_id = supplier.id LEFT JOIN status_ex ON supplier_product.company = status_ex.id  WHERE `supplier_id` = '2' AND supplier_product.status = '1' LIMIT 0,10   [ RunTime:0.0027s ]

[ 2019-04-11T10:01:22+08:00 ] ::1 /InternalSystem/index.php/Home/PurchaseOrder/ajaxReceipt
INFO: [ app_begin ] --START--
INFO: Run Behavior\ReadHtmlCacheBehavior [ RunTime:0.000535s ]
INFO: Run Behavior\CheckLangBehavior [ RunTime:0.003019s ]
INFO: [ app_begin ] --END-- [ RunTime:0.004867s ]
SQL: SHOW COLUMNS FROM `order_purchase_case` [ RunTime:0.0020s ]
SQL: SHOW COLUMNS FROM `order_purchase_success` [ RunTime:0.0035s ]
SQL: SELECT `order_number` FROM `order_purchase_success` WHERE `id` = 0 LIMIT 1   [ RunTime:0.0021s ]
SQL: SELECT product.id as pid,order_purchase_case_product.order_purchase_case as pn_id,order_purchase_case_product.num,product.namezh as namezh,bclass.number as bclassc_number,sclass.number as sclassc_number,product.number as snumber_number FROM `order_purchase_case` LEFT JOIN order_purchase_case_product ON order_purchase_case.id = order_purchase_case_product.order_purchase_case LEFT JOIN product ON order_purchase_case_product.pid = product.id LEFT JOIN classify as bclass ON product.bclass = bclass.id LEFT JOIN classify as sclass ON product.sclass = sclass.id  WHERE order_purchase_case.order_purchase_id = null AND order_purchase_case_product.order_purchase_case = '' AND order_purchase_case.state = 1 AND order_purchase_case.type = 1 AND order_purchase_case_product.status = 1  [ RunTime:0.0023s ]
SQL: SHOW COLUMNS FROM `warehouse_power` [ RunTime:0.0026s ]
SQL: SELECT `range` FROM `warehouse_power` WHERE `uid` = 1 AND `method` = 'receipt' LIMIT 1   [ RunTime:0.0023s ]
SQL: SELECT order_purchase_success.id as id,order_purchase_success.id as order_number,order_purchase_success.examine_time as examine_time,order_purchase_success.tracking_number as tracking_number,transport_mode.mode as transport_mode_namezh,supplier.name as supplier_name,supplier.id as supplier_id,warehouse_location.id as warehouse_location_id,warehouse.id as ku_id,warehouse.name as ck_name,warehouse.englishname as ck_englishname,transporters.transporters as transporters FROM `order_purchase_success` LEFT JOIN warehouse ON order_purchase_success.ku_id = warehouse.id LEFT JOIN warehouse_location ON warehouse.id = warehouse_location.w_id LEFT JOIN supplier ON order_purchase_success.supplier_id = supplier.id LEFT JOIN transporters ON order_purchase_success.transporter = transporters.id LEFT JOIN transport_mode ON  order_purchase_success.logistics_status = transport_mode.id  WHERE order_purchase_success.ku_id IN ('1') AND order_purchase_success.id = '' AND warehouse_location.w_type = 5 AND warehouse_location.status = 1 LIMIT 1   [ RunTime:0.0020s ]
SQL: SHOW COLUMNS FROM `warehouse_location` [ RunTime:0.0028s ]
SQL: SELECT `id` FROM `warehouse_location` WHERE `status` = 1 AND `w_type` = 1 AND `w_id` = null LIMIT 1   [ RunTime:0.0024s ]
SQL: SHOW COLUMNS FROM `shelf` [ RunTime:0.0030s ]
SQL: SELECT `id` FROM `shelf` WHERE `warehouse_id` = null AND `type` = 2 AND `status` = 1 LIMIT 1   [ RunTime:0.0020s ]

[ 2019-04-11T10:28:17+08:00 ] ::1 /InternalSystem/index.php/Home/PurchaseOrder/ajaxReceipt
INFO: [ app_begin ] --START--
INFO: Run Behavior\ReadHtmlCacheBehavior [ RunTime:0.000538s ]
INFO: Run Behavior\CheckLangBehavior [ RunTime:0.003271s ]
INFO: [ app_begin ] --END-- [ RunTime:0.005126s ]
SQL: SHOW COLUMNS FROM `order_purchase_case` [ RunTime:0.0024s ]
SQL: SHOW COLUMNS FROM `order_purchase_success` [ RunTime:0.0024s ]
SQL: SELECT `order_number` FROM `order_purchase_success` WHERE `id` = 0 LIMIT 1   [ RunTime:0.0026s ]
SQL: SELECT product.id as pid,order_purchase_case_product.order_purchase_case as pn_id,order_purchase_case_product.num,product.namezh as namezh,bclass.number as bclassc_number,sclass.number as sclassc_number,product.number as snumber_number FROM `order_purchase_case` LEFT JOIN order_purchase_case_product ON order_purchase_case.id = order_purchase_case_product.order_purchase_case LEFT JOIN product ON order_purchase_case_product.pid = product.id LEFT JOIN classify as bclass ON product.bclass = bclass.id LEFT JOIN classify as sclass ON product.sclass = sclass.id  WHERE order_purchase_case.order_purchase_id = null AND order_purchase_case_product.order_purchase_case = '' AND order_purchase_case.state = 1 AND order_purchase_case.type = 1 AND order_purchase_case_product.status = 1  [ RunTime:0.0023s ]
SQL: SHOW COLUMNS FROM `warehouse_power` [ RunTime:0.0026s ]
SQL: SELECT `range` FROM `warehouse_power` WHERE `uid` = 1 AND `method` = 'receipt' LIMIT 1   [ RunTime:0.0030s ]
SQL: SELECT order_purchase_success.id as id,order_purchase_success.id as order_number,order_purchase_success.examine_time as examine_time,order_purchase_success.tracking_number as tracking_number,transport_mode.mode as transport_mode_namezh,supplier.name as supplier_name,supplier.id as supplier_id,warehouse_location.id as warehouse_location_id,warehouse.id as ku_id,warehouse.name as ck_name,warehouse.englishname as ck_englishname,transporters.transporters as transporters FROM `order_purchase_success` LEFT JOIN warehouse ON order_purchase_success.ku_id = warehouse.id LEFT JOIN warehouse_location ON warehouse.id = warehouse_location.w_id LEFT JOIN supplier ON order_purchase_success.supplier_id = supplier.id LEFT JOIN transporters ON order_purchase_success.transporter = transporters.id LEFT JOIN transport_mode ON  order_purchase_success.logistics_status = transport_mode.id  WHERE order_purchase_success.ku_id IN ('1') AND order_purchase_success.id = '' AND warehouse_location.w_type = 5 AND warehouse_location.status = 1 LIMIT 1   [ RunTime:0.0022s ]
SQL: SHOW COLUMNS FROM `warehouse_location` [ RunTime:0.0027s ]
SQL: SELECT `id` FROM `warehouse_location` WHERE `status` = 1 AND `w_type` = 1 AND `w_id` = null LIMIT 1   [ RunTime:0.0026s ]
SQL: SHOW COLUMNS FROM `shelf` [ RunTime:0.0029s ]
SQL: SELECT `id` FROM `shelf` WHERE `warehouse_id` = null AND `type` = 2 AND `status` = 1 LIMIT 1   [ RunTime:0.0019s ]

[ 2019-04-11T13:43:58+08:00 ] ::1 /InternalSystem/index.php/Home/PurchaseOrder/ajaxReceipt
INFO: [ app_begin ] --START--
INFO: Run Behavior\ReadHtmlCacheBehavior [ RunTime:0.000510s ]
INFO: Run Behavior\CheckLangBehavior [ RunTime:0.002392s ]
INFO: [ app_begin ] --END-- [ RunTime:0.004117s ]
SQL: SHOW COLUMNS FROM `order_purchase_case` [ RunTime:0.0022s ]
SQL: SHOW COLUMNS FROM `order_purchase_success` [ RunTime:0.0028s ]
SQL: SELECT `order_number` FROM `order_purchase_success` WHERE `id` = 0 LIMIT 1   [ RunTime:0.0019s ]
SQL: SELECT product.id as pid,order_purchase_case_product.order_purchase_case as pn_id,order_purchase_case_product.num,product.namezh as namezh,bclass.number as bclassc_number,sclass.number as sclassc_number,product.number as snumber_number FROM `order_purchase_case` LEFT JOIN order_purchase_case_product ON order_purchase_case.id = order_purchase_case_product.order_purchase_case LEFT JOIN product ON order_purchase_case_product.pid = product.id LEFT JOIN classify as bclass ON product.bclass = bclass.id LEFT JOIN classify as sclass ON product.sclass = sclass.id  WHERE order_purchase_case.order_purchase_id = null AND order_purchase_case_product.order_purchase_case = '' AND order_purchase_case.state = 1 AND order_purchase_case.type = 1 AND order_purchase_case_product.status = 1  [ RunTime:0.0024s ]
SQL: SHOW COLUMNS FROM `warehouse_power` [ RunTime:0.0034s ]
SQL: SELECT `range` FROM `warehouse_power` WHERE `uid` = 1 AND `method` = 'receipt' LIMIT 1   [ RunTime:0.0029s ]
SQL: SELECT order_purchase_success.id as id,order_purchase_success.id as order_number,order_purchase_success.examine_time as examine_time,order_purchase_success.tracking_number as tracking_number,transport_mode.mode as transport_mode_namezh,supplier.name as supplier_name,supplier.id as supplier_id,warehouse_location.id as warehouse_location_id,warehouse.id as ku_id,warehouse.name as ck_name,warehouse.englishname as ck_englishname,transporters.transporters as transporters FROM `order_purchase_success` LEFT JOIN warehouse ON order_purchase_success.ku_id = warehouse.id LEFT JOIN warehouse_location ON warehouse.id = warehouse_location.w_id LEFT JOIN supplier ON order_purchase_success.supplier_id = supplier.id LEFT JOIN transporters ON order_purchase_success.transporter = transporters.id LEFT JOIN transport_mode ON  order_purchase_success.logistics_status = transport_mode.id  WHERE order_purchase_success.ku_id IN ('1') AND order_purchase_success.id = '' AND warehouse_location.w_type = 5 AND warehouse_location.status = 1 LIMIT 1   [ RunTime:0.0020s ]
SQL: SHOW COLUMNS FROM `warehouse_location` [ RunTime:0.0018s ]
SQL: SELECT `id` FROM `warehouse_location` WHERE `status` = 1 AND `w_type` = 1 AND `w_id` = null LIMIT 1   [ RunTime:0.0031s ]
SQL: SHOW COLUMNS FROM `shelf` [ RunTime:0.0027s ]
SQL: SELECT `id` FROM `shelf` WHERE `warehouse_id` = null AND `type` = 2 AND `status` = 1 LIMIT 1   [ RunTime:0.0018s ]

[ 2019-04-11T13:48:22+08:00 ] ::1 /InternalSystem/index.php/Home/PurchaseOrder/getAjaxdata
INFO: [ app_begin ] --START--
INFO: Run Behavior\ReadHtmlCacheBehavior [ RunTime:0.000699s ]
INFO: Run Behavior\CheckLangBehavior [ RunTime:0.003422s ]
INFO: [ app_begin ] --END-- [ RunTime:0.005641s ]
SQL: SHOW COLUMNS FROM `warehouse` [ RunTime:0.0018s ]
SQL: SELECT warehouse.id as id,warehouse.name as name,warehouse.status as status,country.countryzh as countryzh,country.countryus as countryus,organizationt.namezh as namezh,organizationt.nameus as nameus,warehouse.company as companyid FROM `warehouse` LEFT JOIN company_configuration ON warehouse.company = company_configuration.company LEFT JOIN country ON company_configuration.country = country.id LEFT JOIN organizationt ON company_configuration.company = organizationt.id  WHERE country.status = 1 AND organizationt.status = 1 AND warehouse.status = 1  [ RunTime:0.0029s ]
SQL: SHOW COLUMNS FROM `transporters` [ RunTime:0.0032s ]
SQL: SELECT `id`,`transporters`,`mode_id` FROM `transporters` WHERE `status` = '1'  [ RunTime:0.0020s ]

[ 2019-04-11T13:48:22+08:00 ] ::1 /InternalSystem/index.php/Home/PurchaseOrder/getAjaxsupplier.html
INFO: [ app_begin ] --START--
INFO: Run Behavior\ReadHtmlCacheBehavior [ RunTime:0.000760s ]
INFO: Run Behavior\CheckLangBehavior [ RunTime:0.003872s ]
INFO: [ app_begin ] --END-- [ RunTime:0.006150s ]
SQL: SHOW COLUMNS FROM `supplier` [ RunTime:0.0023s ]
SQL: SELECT `id`,`name` FROM `supplier` WHERE `state` = 1 AND `status` = 1  [ RunTime:0.0020s ]

[ 2019-04-11T13:48:24+08:00 ] ::1 /InternalSystem/index.php/Home/PurchaseOrder/getAjaxproduct.html
INFO: [ app_begin ] --START--
INFO: Run Behavior\ReadHtmlCacheBehavior [ RunTime:0.000521s ]
INFO: Run Behavior\CheckLangBehavior [ RunTime:0.003041s ]
INFO: [ app_begin ] --END-- [ RunTime:0.004846s ]
SQL: SHOW COLUMNS FROM `supplier_product` [ RunTime:0.0027s ]
SQL: SELECT COUNT(*) AS tp_count FROM `supplier_product` LEFT JOIN product ON supplier_product.pid = product.id LEFT JOIN classify as bclass ON product.bclass = bclass.id LEFT JOIN classify as sclass ON product.sclass = sclass.id LEFT JOIN supplier ON supplier_product.supplier_id = supplier.id LEFT JOIN status_ex ON supplier_product.company = status_ex.id  WHERE `supplier_id` = '2' AND supplier_product.status = '1' LIMIT 1   [ RunTime:0.0026s ]
SQL: SELECT supplier_product.id as id,supplier_product.pid as pid,supplier_product.price as price,supplier.name as name,supplier_product.supplier_id as supplier_id,product.namezh as namezh,product.id as cid,supplier_product.code as code,bclass.number as bclassc_number,sclass.number as sclassc_number,product.number as snumber_number,status_ex.namezh as hname,status_ex.name as bname,status_ex.id as hid,supplier_product.minimum_purchase as minimum_purchase,supplier_product.minimum_packing as minimum_packing,supplier_product.production_cycle as production_cycle FROM `supplier_product` LEFT JOIN product ON supplier_product.pid = product.id LEFT JOIN classify as bclass ON product.bclass = bclass.id LEFT JOIN classify as sclass ON product.sclass = sclass.id LEFT JOIN supplier ON supplier_product.supplier_id = supplier.id LEFT JOIN status_ex ON supplier_product.company = status_ex.id  WHERE `supplier_id` = '2' AND supplier_product.status = '1' LIMIT 0,10   [ RunTime:0.0024s ]

[ 2019-04-11T13:48:25+08:00 ] ::1 /InternalSystem/index.php/Home/PurchaseOrder/getAjaxprice.html
INFO: [ app_begin ] --START--
INFO: Run Behavior\ReadHtmlCacheBehavior [ RunTime:0.000516s ]
INFO: Run Behavior\CheckLangBehavior [ RunTime:0.003034s ]
INFO: [ app_begin ] --END-- [ RunTime:0.004856s ]
SQL: SHOW COLUMNS FROM `supplier_product` [ RunTime:0.0095s ]
SQL: SELECT COUNT(*) AS tp_count FROM `supplier_product` LEFT JOIN product ON supplier_product.pid = product.id LEFT JOIN classify as bclass ON product.bclass = bclass.id LEFT JOIN classify as sclass ON product.sclass = sclass.id LEFT JOIN supplier ON supplier_product.supplier_id = supplier.id LEFT JOIN status_ex ON supplier_product.company = status_ex.id  WHERE `supplier_id` = '2' AND `pid` = '4' AND supplier_product.status = '1' LIMIT 1   [ RunTime:0.0044s ]
SQL: SELECT supplier_product.id as id,supplier_product.pid as pid,supplier_product.price as price,supplier.name as name,supplier_product.supplier_id as supplier_id,product.namezh as namezh,product.id as cid,supplier_product.code as code,bclass.number as bclassc_number,sclass.number as sclassc_number,product.number as snumber_number,status_ex.namezh as hname,status_ex.name as bname,status_ex.id as hid,supplier_product.minimum_purchase as minimum_purchase,supplier_product.minimum_packing as minimum_packing,supplier_product.production_cycle as production_cycle FROM `supplier_product` LEFT JOIN product ON supplier_product.pid = product.id LEFT JOIN classify as bclass ON product.bclass = bclass.id LEFT JOIN classify as sclass ON product.sclass = sclass.id LEFT JOIN supplier ON supplier_product.supplier_id = supplier.id LEFT JOIN status_ex ON supplier_product.company = status_ex.id  WHERE `supplier_id` = '2' AND `pid` = '4' AND supplier_product.status = '1' LIMIT 0,10   [ RunTime:0.0045s ]

[ 2019-04-11T13:49:26+08:00 ] ::1 /InternalSystem/index.php/Home/PurchaseOrder/getAjaxshipping.html
INFO: [ app_begin ] --START--
INFO: Run Behavior\ReadHtmlCacheBehavior [ RunTime:0.000567s ]
INFO: Run Behavior\CheckLangBehavior [ RunTime:0.003253s ]
INFO: [ app_begin ] --END-- [ RunTime:0.005167s ]
SQL: SHOW COLUMNS FROM `transporters` [ RunTime:0.0030s ]
SQL: SELECT `mode_id` FROM `transporters` WHERE `id` = 5 AND `status` = '1' LIMIT 1   [ RunTime:0.0025s ]
SQL: SHOW COLUMNS FROM `transport_mode` [ RunTime:0.0022s ]
SQL: SELECT `id`,`mode` FROM `transport_mode` WHERE `status` = 1 AND `id` IN ('10')  [ RunTime:0.0016s ]

[ 2019-04-11T14:08:58+08:00 ] ::1 /InternalSystem/index.php/Home/Warehouse/ckupdate.html
INFO: [ app_begin ] --START--
INFO: Run Behavior\ReadHtmlCacheBehavior [ RunTime:0.000655s ]
INFO: Run Behavior\CheckLangBehavior [ RunTime:0.003181s ]
INFO: [ app_begin ] --END-- [ RunTime:0.005143s ]
SQL: SHOW COLUMNS FROM `warehouse` [ RunTime:0.0029s ]
SQL: SELECT `id` FROM `warehouse` WHERE `name` = '加拿大' AND `company` = 11 LIMIT 1   [ RunTime:0.0027s ]
SQL: SELECT `name`,`company` FROM `warehouse` WHERE `id` = 3 LIMIT 1   [ RunTime:0.0025s ]
SQL: SELECT `id` FROM `warehouse` WHERE `company` = 11 AND `id` = 3 LIMIT 1   [ RunTime:0.0021s ]
SQL: SELECT `id` FROM `warehouse` WHERE `company` = 11 AND `status` = 1 LIMIT 1   [ RunTime:0.0025s ]
SQL: UPDATE `warehouse` SET `name`='加拿大',`company`='11',`status`='1',`englishname`='Canada' WHERE `id` = 3 [ RunTime:0.0030s ]
SQL: SHOW COLUMNS FROM `company_configuration` [ RunTime:0.0028s ]
SQL: UPDATE `company_configuration` SET `company`='11' WHERE `company` = 11 AND `status` = 1 AND `warehouse_physical` = 3 [ RunTime:0.0022s ]

[ 2019-04-11T14:53:18+08:00 ] ::1 /InternalSystem/index.php/Home/Warehouse/savewarehouse.html
INFO: [ app_begin ] --START--
INFO: Run Behavior\ReadHtmlCacheBehavior [ RunTime:0.000797s ]
INFO: Run Behavior\CheckLangBehavior [ RunTime:0.003569s ]
INFO: [ app_begin ] --END-- [ RunTime:0.006067s ]
SQL: SHOW COLUMNS FROM `warehouse` [ RunTime:0.0050s ]
SQL: SELECT `id` FROM `warehouse` WHERE `company` = 0 LIMIT 1   [ RunTime:0.0104s ]
SQL: SELECT `id` FROM `warehouse` WHERE `name` = '' AND `company` = 0 LIMIT 1   [ RunTime:0.0042s ]
NOTIC: [8] Undefined variable: warehouse F:\wamp64\www\InternalSystem\Application\Home\Controller\WarehouseController.class.php 第 99 行.
SQL: SHOW COLUMNS FROM `company_configuration` [ RunTime:0.0076s ]
SQL: UPDATE `company_configuration` SET `warehouse_physical`='0' WHERE `company` = 0 AND `status` = 1 [ RunTime:0.0033s ]

[ 2019-04-11T18:05:11+08:00 ] ::1 /InternalSystem/index.php/Home/Warehouse/ckupdate.html
INFO: [ app_begin ] --START--
INFO: Run Behavior\ReadHtmlCacheBehavior [ RunTime:0.001798s ]
INFO: Run Behavior\CheckLangBehavior [ RunTime:0.005674s ]
INFO: [ app_begin ] --END-- [ RunTime:0.010465s ]
SQL: SHOW COLUMNS FROM `warehouse` [ RunTime:0.0024s ]
SQL: SELECT `id` FROM `warehouse` WHERE `name` = '洛阳' AND `company` = 2 LIMIT 1   [ RunTime:0.0027s ]
SQL: SELECT `name`,`company` FROM `warehouse` WHERE `id` = 1 LIMIT 1   [ RunTime:0.0030s ]
SQL: SELECT `id` FROM `warehouse` WHERE `company` = 2 AND `id` = 1 LIMIT 1   [ RunTime:0.0031s ]
SQL: SELECT `id` FROM `warehouse` WHERE `company` = 2 AND `status` = 1 LIMIT 1   [ RunTime:0.0020s ]
SQL: UPDATE `warehouse` SET `name`='洛阳',`company`='2',`status`='2',`englishname`='Luoyang' WHERE `id` = 1 [ RunTime:0.0064s ]
SQL: SHOW COLUMNS FROM `company_configuration` [ RunTime:0.0031s ]
SQL: UPDATE `company_configuration` SET `company`='2' WHERE `company` = 2 AND `status` = 1 AND `warehouse_physical` = 1 [ RunTime:0.0030s ]

[ 2019-04-11T18:05:21+08:00 ] ::1 /InternalSystem/index.php/Home/Warehouse/ckupdate.html
INFO: [ app_begin ] --START--
INFO: Run Behavior\ReadHtmlCacheBehavior [ RunTime:0.000720s ]
INFO: Run Behavior\CheckLangBehavior [ RunTime:0.005012s ]
INFO: [ app_begin ] --END-- [ RunTime:0.008200s ]
SQL: SHOW COLUMNS FROM `warehouse` [ RunTime:0.0092s ]
SQL: SELECT `id` FROM `warehouse` WHERE `name` = '洛阳' AND `company` = 2 LIMIT 1   [ RunTime:0.0087s ]
SQL: SELECT `name`,`company` FROM `warehouse` WHERE `id` = 1 LIMIT 1   [ RunTime:0.0124s ]
SQL: SELECT `id` FROM `warehouse` WHERE `company` = 2 AND `id` = 1 LIMIT 1   [ RunTime:0.0093s ]
SQL: SELECT `id` FROM `warehouse` WHERE `company` = 2 AND `status` = 1 LIMIT 1   [ RunTime:0.0054s ]
SQL: UPDATE `warehouse` SET `name`='洛阳',`company`='2',`status`='1',`englishname`='Luoyang' WHERE `id` = 1 [ RunTime:0.0055s ]
SQL: SHOW COLUMNS FROM `company_configuration` [ RunTime:0.0128s ]
SQL: UPDATE `company_configuration` SET `company`='2' WHERE `company` = 2 AND `status` = 1 AND `warehouse_physical` = 1 [ RunTime:0.0029s ]

[ 2019-04-11T18:06:50+08:00 ] ::1 /InternalSystem/index.php/Home/Warehouse/getAjaxtransport.html
INFO: [ app_begin ] --START--
INFO: Run Behavior\ReadHtmlCacheBehavior [ RunTime:0.001733s ]
INFO: Run Behavior\CheckLangBehavior [ RunTime:0.009318s ]
INFO: [ app_begin ] --END-- [ RunTime:0.014403s ]
SQL: SHOW COLUMNS FROM `stock_form` [ RunTime:0.0030s ]
SQL: SELECT stock_form.order_id as order_id,stock_form.order_type as type,stock_form.order_id as id,creation_time as creation_time FROM `stock_form` LEFT JOIN order_purchase_success ON stock_form.order_id = order_purchase_success.id  WHERE stock_form.warehouse_id = '1' AND stock_form.status = 1 AND stock_form.position_id = 5 AND order_purchase_success.status = 1 GROUP BY stock_form.order_id  [ RunTime:0.0027s ]

[ 2019-04-11T18:13:29+08:00 ] ::1 /InternalSystem/index.php/Home/Order/getarea
INFO: [ app_begin ] --START--
INFO: Run Behavior\ReadHtmlCacheBehavior [ RunTime:0.001004s ]
INFO: Run Behavior\CheckLangBehavior [ RunTime:0.005747s ]
INFO: [ app_begin ] --END-- [ RunTime:0.008720s ]
SQL: SHOW COLUMNS FROM `platform` [ RunTime:0.0029s ]
SQL: SELECT * FROM `platform` WHERE `status` = '1'  [ RunTime:0.0026s ]

[ 2019-04-11T18:13:29+08:00 ] ::1 /InternalSystem/index.php/Home/Order/getplatformAjax
INFO: [ app_begin ] --START--
INFO: Run Behavior\ReadHtmlCacheBehavior [ RunTime:0.001161s ]
INFO: Run Behavior\CheckLangBehavior [ RunTime:0.009393s ]
INFO: [ app_begin ] --END-- [ RunTime:0.013879s ]
SQL: SHOW COLUMNS FROM `platform_account` [ RunTime:0.0029s ]
SQL: SELECT platform_account.id as id,platform_account.account_number_name as name FROM `platform_account` LEFT JOIN platform ON platform_account.platform_id=platform.id LEFT JOIN pl_account_user ON pl_account_user.pl_account_id=platform_account.id  WHERE platform_account.platform_id = '' AND pl_account_user.status = '1' AND platform_account.status = '1' AND pl_account_user.uid = '1'  [ RunTime:0.0021s ]

[ 2019-04-11T18:13:34+08:00 ] ::1 /InternalSystem/index.php/Home/Order/getplatformAjax
INFO: [ app_begin ] --START--
INFO: Run Behavior\ReadHtmlCacheBehavior [ RunTime:0.001009s ]
INFO: Run Behavior\CheckLangBehavior [ RunTime:0.009221s ]
INFO: [ app_begin ] --END-- [ RunTime:0.013065s ]
SQL: SHOW COLUMNS FROM `platform_account` [ RunTime:0.0032s ]
SQL: SELECT platform_account.id as id,platform_account.account_number_name as name FROM `platform_account` LEFT JOIN platform ON platform_account.platform_id=platform.id LEFT JOIN pl_account_user ON pl_account_user.pl_account_id=platform_account.id  WHERE platform_account.platform_id = '6' AND pl_account_user.status = '1' AND platform_account.status = '1' AND pl_account_user.uid = '1'  [ RunTime:0.0030s ]

[ 2019-04-11T18:13:36+08:00 ] ::1 /InternalSystem/index.php/Home/Order/getplatformAjax
INFO: [ app_begin ] --START--
INFO: Run Behavior\ReadHtmlCacheBehavior [ RunTime:0.001638s ]
INFO: Run Behavior\CheckLangBehavior [ RunTime:0.007907s ]
INFO: [ app_begin ] --END-- [ RunTime:0.013158s ]
SQL: SHOW COLUMNS FROM `platform_account` [ RunTime:0.0029s ]
SQL: SELECT platform_account.id as id,platform_account.account_number_name as name FROM `platform_account` LEFT JOIN platform ON platform_account.platform_id=platform.id LEFT JOIN pl_account_user ON pl_account_user.pl_account_id=platform_account.id  WHERE platform_account.platform_id = '5' AND pl_account_user.status = '1' AND platform_account.status = '1' AND pl_account_user.uid = '1'  [ RunTime:0.0026s ]

