[ 2019-03-29T15:02:29+08:00 ] ::1 /InternalSystem/index.php/Login/index.html
ERR: 无法加载模块:Login

[ 2019-03-29T15:04:19+08:00 ] ::1 /InternalSystem/index.php/Login/index.html
ERR: 无法加载模块:Login

[ 2019-03-29T15:04:43+08:00 ] ::1 /InternalSystem/index.php/Login/index.html
ERR: 无法加载模块:Login

[ 2019-03-29T15:04:44+08:00 ] ::1 /InternalSystem/index.php/Login/index.html
ERR: 无法加载模块:Login

[ 2019-03-29T15:44:30+08:00 ] ::1 /InternalSystem/index.php/Systemconfiguration/index
ERR: 无法加载模块:Systemconfiguration

[ 2019-03-29T15:44:34+08:00 ] ::1 /InternalSystem/index.php/My/meNoticeAjax.html
ERR: 无法加载模块:My

[ 2019-03-29T15:44:35+08:00 ] ::1 /InternalSystem/index.php/Supplier/index
ERR: 无法加载模块:Supplier

[ 2019-03-29T15:44:44+08:00 ] ::1 /InternalSystem/index.php/My/meNoticeAjax.html
ERR: 无法加载模块:My

[ 2019-03-29T15:44:46+08:00 ] ::1 /InternalSystem/index.php/Login/loginOut
ERR: 无法加载模块:Login

[ 2019-03-29T15:45:00+08:00 ] ::1 /InternalSystem/index.php/Login/loginOut
ERR: 无法加载模块:Login

[ 2019-03-29T15:47:45+08:00 ] ::1 /InternalSystem/index.php/Login/index.html
ERR: 无法加载模块:Login

[ 2019-03-29T16:01:55+08:00 ] ::1 /InternalSystem/index.php/Login/index.html
ERR: 无法加载模块:Login

